SF:C:\Users\GustasCikanavicius\c\Audiora\Program.cs
FN:9,System.Void Program::<Main>$(System.String[])
FNDA:2,System.Void Program::<Main>$(System.String[])
DA:10,2
DA:12,2
DA:13,0
DA:14,0
DA:15,0
DA:17,2
DA:18,2
DA:19,2
DA:20,22
DA:21,2
DA:23,0
DA:24,0
DA:25,0
DA:26,0
DA:28,2
DA:29,2
DA:30,2
DA:31,2
DA:32,2
DA:33,2
DA:35,2
DA:36,2
DA:37,2
DA:38,2
DA:39,2
DA:40,2
DA:41,4
DA:43,8
DA:46,2
DA:48,2
DA:49,2
DA:50,2
DA:51,2
DA:53,2
DA:54,2
DA:56,2
DA:58,2
DA:59,2
DA:60,2
DA:62,2
BRDA:12,36,0,0
BRDA:12,36,1,2
BRDA:17,80,0,2
BRDA:17,80,1,0
BRDA:48,412,0,2
BRDA:48,412,1,2
LF:40
LH:33
BRF:6
BRH:4
FNF:1
FNH:1
end_of_record
SF:C:\Users\GustasCikanavicius\c\Audiora\Services\DataService.cs
FN:11,System.Void Audiora.Services.DataService`1::.ctor(Audiora.Data.AudioraDbContext)
FNDA:11,System.Void Audiora.Services.DataService`1::.ctor(Audiora.Data.AudioraDbContext)
DA:12,11
DA:13,11
DA:14,11
DA:15,11
DA:16,11
FN:28,System.Void Audiora.Services.DataService`1/<AddAsync>d__5::MoveNext()
FNDA:4,System.Void Audiora.Services.DataService`1/<AddAsync>d__5::MoveNext()
DA:29,4
DA:30,4
DA:31,4
DA:32,4
FN:23,System.Void Audiora.Services.DataService`1/<GetAllAsync>d__4::MoveNext()
FNDA:0,System.Void Audiora.Services.DataService`1/<GetAllAsync>d__4::MoveNext()
DA:24,0
DA:25,0
DA:26,0
FN:18,System.Void Audiora.Services.DataService`1/<GetByIdAsync>d__3::MoveNext()
FNDA:0,System.Void Audiora.Services.DataService`1/<GetByIdAsync>d__3::MoveNext()
DA:19,0
DA:20,0
DA:21,0
LF:15
LH:9
BRF:0
BRH:0
FNF:4
FNH:2
end_of_record
SF:C:\Users\GustasCikanavicius\c\Audiora\Services\MatchStore.cs
FN:80,System.String Audiora.Services.MatchStore::GenerateChatId(System.String,System.String)
FNDA:2,System.String Audiora.Services.MatchStore::GenerateChatId(System.String,System.String)
DA:81,2
DA:82,6
DA:83,2
DA:84,2
FN:7,System.Void Audiora.Services.MatchStore::.ctor(Microsoft.AspNetCore.Hosting.IWebHostEnvironment)
FNDA:13,System.Void Audiora.Services.MatchStore::.ctor(Microsoft.AspNetCore.Hosting.IWebHostEnvironment)
DA:8,13
DA:9,13
DA:10,13
DA:12,13
DA:13,13
DA:14,13
DA:15,13
DA:16,13
DA:17,13
FN:88,System.String Audiora.Services.MatchStore/<>c::<GetLikedTargetsAsync>b__11_1(Audiora.Services.LikeRecord)
FNDA:86,System.String Audiora.Services.MatchStore/<>c::<GetLikedTargetsAsync>b__11_1(Audiora.Services.LikeRecord)
DA:89,86
FN:44,System.Boolean Audiora.Services.MatchStore/<>c__DisplayClass7_0::<GetMatchesForAsync>b__0(Audiora.Services.MatchRecord)
FNDA:50,System.Boolean Audiora.Services.MatchStore/<>c__DisplayClass7_0::<GetMatchesForAsync>b__0(Audiora.Services.MatchRecord)
DA:45,50
BRDA:45,17,0,46
BRDA:45,17,1,0
FN:50,System.Boolean Audiora.Services.MatchStore/<>c__DisplayClass8_0::<HasLikedAsync>b__0(Audiora.Services.LikeRecord)
FNDA:0,System.Boolean Audiora.Services.MatchStore/<>c__DisplayClass8_0::<HasLikedAsync>b__0(Audiora.Services.LikeRecord)
DA:51,0
BRDA:51,17,0,0
BRDA:51,17,1,0
FN:60,System.Boolean Audiora.Services.MatchStore/<>c__DisplayClass9_0::<LikeAsync>b__0(Audiora.Services.LikeRecord)
FNDA:261,System.Boolean Audiora.Services.MatchStore/<>c__DisplayClass9_0::<LikeAsync>b__0(Audiora.Services.LikeRecord)
DA:61,261
BRDA:61,17,0,0
BRDA:61,17,1,255
FN:64,System.Boolean Audiora.Services.MatchStore/<>c__DisplayClass9_0::<LikeAsync>b__1(Audiora.Services.LikeRecord)
FNDA:265,System.Boolean Audiora.Services.MatchStore/<>c__DisplayClass9_0::<LikeAsync>b__1(Audiora.Services.LikeRecord)
DA:65,265
BRDA:65,17,0,2
BRDA:65,17,1,257
FN:65,System.Boolean Audiora.Services.MatchStore/<>c__DisplayClass9_0::<LikeAsync>b__2(Audiora.Services.MatchRecord)
FNDA:29,System.Boolean Audiora.Services.MatchStore/<>c__DisplayClass9_0::<LikeAsync>b__2(Audiora.Services.MatchRecord)
DA:66,29
BRDA:66,17,0,0
BRDA:66,17,1,23
BRDA:66,36,0,23
BRDA:66,55,0,0
BRDA:66,55,1,23
BRDA:66,36,1,0
FN:19,System.Void Audiora.Services.MatchStore/<EnsureLoadedAsync>d__5::MoveNext()
FNDA:12,System.Void Audiora.Services.MatchStore/<EnsureLoadedAsync>d__5::MoveNext()
DA:20,12
DA:21,18
DA:22,6
DA:24,6
DA:25,6
DA:26,6
DA:27,6
DA:28,6
DA:29,6
DA:30,6
DA:31,6
DA:32,6
DA:33,18
DA:34,12
BRDA:21,36,0,6
BRDA:21,36,1,6
BRDA:25,177,0,0
BRDA:25,177,1,6
BRDA:26,204,0,6
BRDA:29,371,0,0
BRDA:29,371,1,6
BRDA:26,204,1,6
FN:86,System.Void Audiora.Services.MatchStore/<GetLikedTargetsAsync>d__11::MoveNext()
FNDA:2,System.Void Audiora.Services.MatchStore/<GetLikedTargetsAsync>d__11::MoveNext()
DA:87,2
DA:88,2
DA:90,2
FN:42,System.Void Audiora.Services.MatchStore/<GetMatchesForAsync>d__7::MoveNext()
FNDA:4,System.Void Audiora.Services.MatchStore/<GetMatchesForAsync>d__7::MoveNext()
DA:43,4
DA:44,4
DA:46,4
FN:48,System.Void Audiora.Services.MatchStore/<HasLikedAsync>d__8::MoveNext()
FNDA:0,System.Void Audiora.Services.MatchStore/<HasLikedAsync>d__8::MoveNext()
DA:49,0
DA:50,0
DA:52,0
FN:54,System.Void Audiora.Services.MatchStore/<LikeAsync>d__9::MoveNext()
FNDA:6,System.Void Audiora.Services.MatchStore/<LikeAsync>d__9::MoveNext()
DA:55,6
DA:56,6
DA:57,6
DA:58,6
DA:60,6
DA:62,0
DA:63,6
DA:67,2
DA:68,2
DA:69,2
DA:70,2
DA:71,2
DA:72,2
DA:74,4
DA:75,4
DA:76,18
DA:77,4
DA:78,6
BRDA:56,121,0,0
BRDA:56,121,1,6
BRDA:61,414,0,0
BRDA:61,414,1,6
BRDA:65,542,0,2
BRDA:65,542,1,4
BRDA:65,592,0,2
BRDA:65,592,1,4
FN:36,System.Void Audiora.Services.MatchStore/<SaveAsync>d__6::MoveNext()
FNDA:6,System.Void Audiora.Services.MatchStore/<SaveAsync>d__6::MoveNext()
DA:37,6
DA:38,6
DA:39,6
DA:40,6
FN:94,System.Collections.Generic.List`1<Audiora.Services.LikeRecord> Audiora.Services.MatchData::get_Likes()
FNDA:51,System.Collections.Generic.List`1<Audiora.Services.LikeRecord> Audiora.Services.MatchData::get_Likes()
DA:95,51
FN:95,System.Collections.Generic.List`1<Audiora.Services.MatchRecord> Audiora.Services.MatchData::get_Matches()
FNDA:39,System.Collections.Generic.List`1<Audiora.Services.MatchRecord> Audiora.Services.MatchData::get_Matches()
DA:96,39
FN:100,System.String Audiora.Services.LikeRecord::get_FromUserId()
FNDA:1113,System.String Audiora.Services.LikeRecord::get_FromUserId()
DA:101,1113
FN:101,System.String Audiora.Services.LikeRecord::get_ToUserId()
FNDA:519,System.String Audiora.Services.LikeRecord::get_ToUserId()
DA:102,519
FN:102,System.DateTime Audiora.Services.LikeRecord::get_Timestamp()
FNDA:516,System.DateTime Audiora.Services.LikeRecord::get_Timestamp()
DA:103,516
FN:107,System.String Audiora.Services.MatchRecord::get_UserAId()
FNDA:239,System.String Audiora.Services.MatchRecord::get_UserAId()
DA:108,239
FN:108,System.String Audiora.Services.MatchRecord::get_UserBId()
FNDA:191,System.String Audiora.Services.MatchRecord::get_UserBId()
DA:109,191
FN:109,System.DateTime Audiora.Services.MatchRecord::get_CreatedAt()
FNDA:144,System.DateTime Audiora.Services.MatchRecord::get_CreatedAt()
DA:110,144
FN:110,System.String Audiora.Services.MatchRecord::get_ChatId()
FNDA:147,System.String Audiora.Services.MatchRecord::get_ChatId()
DA:111,147
LF:73
LH:68
BRF:30
BRH:19
FNF:23
FNH:21
end_of_record
SF:C:\Users\GustasCikanavicius\c\Audiora\Services\SpotifyService.cs
FN:26,System.Threading.Tasks.Task`1<SpotifyAPI.Web.SpotifyClient> Audiora.Services.SpotifyService::GetSpotifyClient()
FNDA:0,System.Threading.Tasks.Task`1<SpotifyAPI.Web.SpotifyClient> Audiora.Services.SpotifyService::GetSpotifyClient()
DA:27,0
DA:28,0
DA:29,0
DA:30,0
DA:31,0
DA:33,0
DA:35,0
DA:36,0
DA:37,0
DA:38,0
DA:41,0
DA:42,0
DA:43,0
DA:45,0
DA:46,0
DA:47,0
DA:48,0
BRDA:28,12,0,0
BRDA:35,80,0,0
BRDA:35,80,1,0
BRDA:35,95,0,0
BRDA:35,95,1,0
BRDA:28,12,1,0
FN:19,System.Void Audiora.Services.SpotifyService::.ctor(Microsoft.Extensions.Configuration.IConfiguration,Microsoft.Extensions.Logging.ILogger`1<Audiora.Services.SpotifyService>)
FNDA:0,System.Void Audiora.Services.SpotifyService::.ctor(Microsoft.Extensions.Configuration.IConfiguration,Microsoft.Extensions.Logging.ILogger`1<Audiora.Services.SpotifyService>)
DA:20,0
DA:21,0
DA:22,0
DA:23,0
DA:24,0
FN:79,System.Boolean Audiora.Services.SpotifyService/<>c::<GetRecommendations>b__6_0(System.String)
FNDA:0,System.Boolean Audiora.Services.SpotifyService/<>c::<GetRecommendations>b__6_0(System.String)
DA:80,0
FN:75,System.Void Audiora.Services.SpotifyService/<GetRecommendations>d__6::MoveNext()
FNDA:0,System.Void Audiora.Services.SpotifyService/<GetRecommendations>d__6::MoveNext()
DA:76,0
DA:78,0
DA:79,0
DA:81,0
DA:82,0
DA:84,0
DA:86,0
DA:87,0
DA:88,0
DA:90,0
DA:91,0
DA:92,0
DA:93,0
DA:94,0
DA:95,0
DA:96,0
DA:97,0
DA:98,0
DA:99,0
DA:100,0
DA:101,0
DA:102,0
DA:104,0
DA:105,0
DA:106,0
DA:107,0
DA:108,0
DA:110,0
DA:111,0
DA:114,0
DA:115,0
DA:116,0
DA:117,0
DA:119,0
DA:120,0
DA:121,0
DA:124,0
DA:126,0
DA:127,0
DA:128,0
DA:129,0
DA:131,0
DA:132,0
DA:133,0
DA:134,0
DA:135,0
DA:136,0
DA:137,0
DA:138,0
DA:139,0
DA:140,0
DA:141,0
DA:142,0
DA:143,0
DA:144,0
DA:145,0
DA:146,0
DA:147,0
DA:149,0
DA:150,0
DA:151,0
DA:152,0
DA:154,0
BRDA:80,183,0,0
BRDA:80,183,1,0
BRDA:81,255,0,0
BRDA:81,255,1,0
BRDA:86,374,0,0
BRDA:95,546,1,0
BRDA:95,546,0,0
BRDA:100,745,0,0
BRDA:100,745,1,0
BRDA:100,773,0,0
BRDA:100,773,1,0
BRDA:108,905,0,0
BRDA:108,905,1,0
BRDA:86,374,1,0
BRDA:114,984,0,0
BRDA:114,984,1,0
BRDA:119,1244,0,0
BRDA:119,1244,1,0
BRDA:133,1406,0,0
BRDA:133,1406,1,0
BRDA:135,1478,0,0
BRDA:135,1478,1,0
BRDA:135,1495,0,0
BRDA:135,1495,1,0
BRDA:139,1595,0,0
BRDA:139,1595,1,0
BRDA:139,1613,0,0
BRDA:139,1613,1,0
BRDA:143,1685,0,0
BRDA:143,1685,1,0
FN:50,System.Void Audiora.Services.SpotifyService/<SearchTracks>d__5::MoveNext()
FNDA:0,System.Void Audiora.Services.SpotifyService/<SearchTracks>d__5::MoveNext()
DA:51,0
DA:53,0
DA:54,0
DA:55,0
DA:56,0
DA:58,0
DA:59,0
DA:60,0
DA:61,0
DA:63,0
DA:64,0
DA:65,0
DA:66,0
DA:68,0
DA:69,0
DA:70,0
DA:71,0
DA:73,0
LF:104
LH:0
BRF:36
BRH:0
FNF:5
FNH:0
end_of_record
SF:C:\Users\GustasCikanavicius\c\Audiora\Services\YouTubeService.cs
FN:19,System.Boolean Audiora.Services.YouTubeService::get_HasApiKey()
FNDA:0,System.Boolean Audiora.Services.YouTubeService::get_HasApiKey()
DA:20,0
FN:12,System.Void Audiora.Services.YouTubeService::.ctor(System.Net.Http.IHttpClientFactory,Microsoft.Extensions.Caching.Memory.IMemoryCache,Microsoft.Extensions.Configuration.IConfiguration)
FNDA:8,System.Void Audiora.Services.YouTubeService::.ctor(System.Net.Http.IHttpClientFactory,Microsoft.Extensions.Caching.Memory.IMemoryCache,Microsoft.Extensions.Configuration.IConfiguration)
DA:13,8
DA:14,8
DA:15,8
DA:16,8
DA:17,8
DA:18,8
FN:82,System.Collections.Generic.List`1<Audiora.Services.YouTubeService/Item> Audiora.Services.YouTubeService/YouTubeSearchResponse::get_Items()
FNDA:0,System.Collections.Generic.List`1<Audiora.Services.YouTubeService/Item> Audiora.Services.YouTubeService/YouTubeSearchResponse::get_Items()
DA:83,0
FN:86,Audiora.Services.YouTubeService/Id Audiora.Services.YouTubeService/Item::get_Id()
FNDA:0,Audiora.Services.YouTubeService/Id Audiora.Services.YouTubeService/Item::get_Id()
DA:87,0
FN:90,System.String Audiora.Services.YouTubeService/Id::get_VideoId()
FNDA:0,System.String Audiora.Services.YouTubeService/Id::get_VideoId()
DA:91,0
FN:57,System.String Audiora.Services.YouTubeService/<>c::<SearchEmbeddableAsync>b__7_0(System.Collections.Generic.KeyValuePair`2<System.String,System.String>)
FNDA:0,System.String Audiora.Services.YouTubeService/<>c::<SearchEmbeddableAsync>b__7_0(System.Collections.Generic.KeyValuePair`2<System.String,System.String>)
DA:58,0
BRDA:58,25,0,0
BRDA:58,25,1,0
FN:72,System.String Audiora.Services.YouTubeService/<>c::<SearchEmbeddableAsync>b__7_1(Audiora.Services.YouTubeService/Item)
FNDA:0,System.String Audiora.Services.YouTubeService/<>c::<SearchEmbeddableAsync>b__7_1(Audiora.Services.YouTubeService/Item)
DA:73,0
BRDA:73,7,0,0
BRDA:73,7,1,0
FN:22,System.Void Audiora.Services.YouTubeService/<GetEmbeddableVideoIdAsync>d__6::MoveNext()
FNDA:0,System.Void Audiora.Services.YouTubeService/<GetEmbeddableVideoIdAsync>d__6::MoveNext()
DA:23,0
DA:24,0
DA:25,0
DA:27,0
DA:28,0
DA:30,0
DA:32,0
DA:33,0
DA:34,0
DA:35,0
DA:38,0
DA:39,0
BRDA:24,29,0,0
BRDA:24,29,1,0
BRDA:24,52,0,0
BRDA:24,52,1,0
BRDA:27,101,0,0
BRDA:27,101,1,0
BRDA:32,274,0,0
BRDA:32,274,1,0
FN:41,System.Void Audiora.Services.YouTubeService/<SearchEmbeddableAsync>d__7::MoveNext()
FNDA:0,System.Void Audiora.Services.YouTubeService/<SearchEmbeddableAsync>d__7::MoveNext()
DA:42,0
DA:43,0
DA:44,0
DA:45,0
DA:46,0
DA:47,0
DA:48,0
DA:49,0
DA:50,0
DA:51,0
DA:52,0
DA:53,0
DA:54,0
DA:55,0
DA:57,0
DA:60,0
DA:62,0
DA:63,0
DA:65,0
DA:66,0
DA:67,0
DA:68,0
DA:69,0
DA:72,0
DA:75,0
DA:77,0
DA:78,0
BRDA:62,355,0,0
BRDA:62,355,1,0
BRDA:65,541,0,0
BRDA:65,541,1,0
BRDA:73,922,0,0
BRDA:73,922,1,0
BRDA:73,934,0,0
BRDA:73,934,1,0
LF:51
LH:6
BRF:20
BRH:0
FNF:9
FNH:1
end_of_record
SF:C:\Users\GustasCikanavicius\c\Audiora\Models\Room.cs
FN:6,System.Guid Audiora.Models.Room::get_Id()
FNDA:29,System.Guid Audiora.Models.Room::get_Id()
DA:7,29
FN:7,System.String Audiora.Models.Room::get_Name()
FNDA:23,System.String Audiora.Models.Room::get_Name()
DA:8,23
FN:8,System.Guid Audiora.Models.Room::get_HostUserId()
FNDA:19,System.Guid Audiora.Models.Room::get_HostUserId()
DA:9,19
FN:9,System.Collections.Generic.List`1<System.Guid> Audiora.Models.Room::get_MemberUserIds()
FNDA:52,System.Collections.Generic.List`1<System.Guid> Audiora.Models.Room::get_MemberUserIds()
DA:10,52
FN:10,System.DateTime Audiora.Models.Room::get_CreatedAt()
FNDA:22,System.DateTime Audiora.Models.Room::get_CreatedAt()
DA:11,22
FN:11,System.Boolean Audiora.Models.Room::get_IsPrivate()
FNDA:37,System.Boolean Audiora.Models.Room::get_IsPrivate()
DA:12,37
FN:14,System.String Audiora.Models.Room::get_PasswordHash()
FNDA:15,System.String Audiora.Models.Room::get_PasswordHash()
DA:15,15
FN:17,System.Int32 Audiora.Models.Room::CompareTo(Audiora.Models.Room)
FNDA:3,System.Int32 Audiora.Models.Room::CompareTo(Audiora.Models.Room)
DA:18,3
DA:19,3
DA:20,3
DA:21,6
DA:22,0
DA:23,3
BRDA:19,7,0,0
BRDA:19,7,1,3
BRDA:21,52,0,3
BRDA:21,52,1,0
FN:24,System.Boolean Audiora.Models.Room::op_LessThan(Audiora.Models.Room,Audiora.Models.Room)
FNDA:0,System.Boolean Audiora.Models.Room::op_LessThan(Audiora.Models.Room,Audiora.Models.Room)
DA:25,0
FN:25,System.Boolean Audiora.Models.Room::op_GreaterThan(Audiora.Models.Room,Audiora.Models.Room)
FNDA:0,System.Boolean Audiora.Models.Room::op_GreaterThan(Audiora.Models.Room,Audiora.Models.Room)
DA:26,0
FN:26,System.Boolean Audiora.Models.Room::op_LessThanOrEqual(Audiora.Models.Room,Audiora.Models.Room)
FNDA:0,System.Boolean Audiora.Models.Room::op_LessThanOrEqual(Audiora.Models.Room,Audiora.Models.Room)
DA:27,0
FN:27,System.Boolean Audiora.Models.Room::op_GreaterThanOrEqual(Audiora.Models.Room,Audiora.Models.Room)
FNDA:0,System.Boolean Audiora.Models.Room::op_GreaterThanOrEqual(Audiora.Models.Room,Audiora.Models.Room)
DA:28,0
FN:32,System.Guid Audiora.Models.ChatMessage::get_Id()
FNDA:11,System.Guid Audiora.Models.ChatMessage::get_Id()
DA:33,11
FN:33,System.Guid Audiora.Models.ChatMessage::get_RoomId()
FNDA:12,System.Guid Audiora.Models.ChatMessage::get_RoomId()
DA:34,12
FN:34,System.Guid Audiora.Models.ChatMessage::get_UserId()
FNDA:12,System.Guid Audiora.Models.ChatMessage::get_UserId()
DA:35,12
FN:35,System.String Audiora.Models.ChatMessage::get_Username()
FNDA:14,System.String Audiora.Models.ChatMessage::get_Username()
DA:36,14
FN:36,System.String Audiora.Models.ChatMessage::get_Message()
FNDA:19,System.String Audiora.Models.ChatMessage::get_Message()
DA:37,19
FN:37,System.DateTime Audiora.Models.ChatMessage::get_Timestamp()
FNDA:27,System.DateTime Audiora.Models.ChatMessage::get_Timestamp()
DA:38,27
LF:23
LH:18
BRF:4
BRH:2
FNF:18
FNH:14
end_of_record
SF:C:\Users\GustasCikanavicius\c\Audiora\Models\RoomHub.cs
FN:157,System.Boolean Audiora.Models.RoomHub::IsConnectionValid(System.String)
FNDA:16,System.Boolean Audiora.Models.RoomHub::IsConnectionValid(System.String)
DA:158,16
DA:159,16
DA:160,16
DA:161,16
DA:162,16
DA:163,16
BRDA:159,24,0,13
BRDA:159,33,0,10
BRDA:159,48,0,10
BRDA:159,24,1,6
BRDA:159,33,1,6
BRDA:159,48,1,6
FN:165,System.Guid Audiora.Models.RoomHub::ChatIdToGuid(System.String)
FNDA:6,System.Guid Audiora.Models.RoomHub::ChatIdToGuid(System.String)
DA:166,6
DA:167,6
DA:168,6
DA:169,6
DA:170,6
DA:171,6
DA:172,6
FN:27,System.Collections.Generic.HashSet`1<System.String> Audiora.Models.RoomHub::<JoinRoom>b__6_0(System.String,System.Collections.Generic.HashSet`1<System.String>)
FNDA:18,System.Collections.Generic.HashSet`1<System.String> Audiora.Models.RoomHub::<JoinRoom>b__6_0(System.String,System.Collections.Generic.HashSet`1<System.String>)
DA:28,18
FN:40,System.Collections.Generic.HashSet`1<System.String> Audiora.Models.RoomHub::<RegisterUser>b__7_0(System.String,System.Collections.Generic.HashSet`1<System.String>)
FNDA:2,System.Collections.Generic.HashSet`1<System.String> Audiora.Models.RoomHub::<RegisterUser>b__7_0(System.String,System.Collections.Generic.HashSet`1<System.String>)
DA:41,2
FN:16,System.Void Audiora.Models.RoomHub::.ctor(Audiora.Data.AudioraDbContext)
FNDA:29,System.Void Audiora.Models.RoomHub::.ctor(Audiora.Data.AudioraDbContext)
DA:17,29
DA:18,29
DA:19,29
DA:20,29
FN:10,System.Void Audiora.Models.RoomHub::.cctor()
FNDA:1,System.Void Audiora.Models.RoomHub::.cctor()
DA:11,1
DA:12,1
DA:13,1
DA:14,1
FN:118,System.Void Audiora.Models.RoomHub/<AddSong>d__12::MoveNext()
FNDA:2,System.Void Audiora.Models.RoomHub/<AddSong>d__12::MoveNext()
DA:119,2
DA:120,2
DA:121,1
DA:122,1
DA:125,1
DA:126,1
BRDA:120,40,0,1
BRDA:120,40,1,1
FN:46,System.Void Audiora.Models.RoomHub/<JoinDirectChat>d__8::MoveNext()
FNDA:3,System.Void Audiora.Models.RoomHub/<JoinDirectChat>d__8::MoveNext()
DA:47,3
DA:48,3
DA:49,3
DA:50,3
FN:22,System.Void Audiora.Models.RoomHub/<JoinRoom>d__6::MoveNext()
FNDA:14,System.Void Audiora.Models.RoomHub/<JoinRoom>d__6::MoveNext()
DA:23,14
DA:24,14
DA:26,14
DA:27,14
DA:30,14
DA:32,14
DA:33,14
FN:78,System.Void Audiora.Models.RoomHub/<LeaveRoom>d__10::MoveNext()
FNDA:1,System.Void Audiora.Models.RoomHub/<LeaveRoom>d__10::MoveNext()
DA:79,1
DA:80,1
DA:82,1
DA:83,1
DA:84,1
DA:85,1
DA:86,1
DA:88,1
DA:89,1
BRDA:82,189,0,1
BRDA:82,189,1,1
FN:138,System.Void Audiora.Models.RoomHub/<OnDisconnectedAsync>d__14::MoveNext()
FNDA:4,System.Void Audiora.Models.RoomHub/<OnDisconnectedAsync>d__14::MoveNext()
DA:139,4
DA:140,4
DA:141,4
DA:142,4
DA:143,4
DA:144,4
DA:145,4
DA:146,4
DA:147,4
DA:148,1
DA:149,1
DA:150,1
DA:151,1
DA:152,1
DA:153,1
DA:154,4
DA:155,4
BRDA:140,52,0,4
BRDA:142,79,0,4
BRDA:142,79,1,4
BRDA:140,52,1,4
BRDA:147,153,0,1
BRDA:149,182,0,1
BRDA:149,182,1,1
BRDA:147,153,1,4
FN:36,System.Void Audiora.Models.RoomHub/<RegisterUser>d__7::MoveNext()
FNDA:2,System.Void Audiora.Models.RoomHub/<RegisterUser>d__7::MoveNext()
DA:37,2
DA:38,2
DA:39,2
DA:40,2
DA:42,2
DA:43,2
FN:52,System.Void Audiora.Models.RoomHub/<SendDirectMessage>d__9::MoveNext()
FNDA:3,System.Void Audiora.Models.RoomHub/<SendDirectMessage>d__9::MoveNext()
DA:53,3
DA:54,3
DA:55,3
DA:57,3
DA:58,1
DA:60,2
DA:61,1
DA:63,1
DA:64,1
DA:65,1
DA:66,1
DA:67,1
DA:68,1
DA:69,1
DA:70,1
DA:72,1
DA:73,1
DA:75,1
DA:76,1
BRDA:57,91,0,1
BRDA:57,91,1,2
BRDA:60,126,0,1
BRDA:60,126,1,1
FN:91,System.Void Audiora.Models.RoomHub/<SendMessage>d__11::MoveNext()
FNDA:8,System.Void Audiora.Models.RoomHub/<SendMessage>d__11::MoveNext()
DA:92,8
DA:93,8
DA:94,3
DA:95,3
DA:98,5
DA:99,1
DA:100,1
DA:103,4
DA:104,4
DA:105,4
DA:106,4
DA:107,4
DA:108,4
DA:109,4
DA:110,4
DA:112,4
DA:113,4
DA:115,4
DA:116,4
BRDA:93,51,0,3
BRDA:93,51,1,5
BRDA:98,82,0,5
BRDA:98,82,1,0
BRDA:98,109,0,1
BRDA:98,109,1,4
FN:128,System.Void Audiora.Models.RoomHub/<VoteSong>d__13::MoveNext()
FNDA:3,System.Void Audiora.Models.RoomHub/<VoteSong>d__13::MoveNext()
DA:129,3
DA:130,3
DA:131,1
DA:132,1
DA:135,2
DA:136,2
BRDA:130,40,0,1
BRDA:130,40,1,2
LF:116
LH:116
BRF:30
BRH:29
FNF:15
FNH:15
end_of_record
SF:C:\Users\GustasCikanavicius\c\Audiora\Models\SpotifyCredentials.cs
FN:4,System.String Audiora.Models.SpotifyCredentials::get_ClientId()
FNDA:0,System.String Audiora.Models.SpotifyCredentials::get_ClientId()
DA:5,0
FN:5,System.String Audiora.Models.SpotifyCredentials::get_ClientSecret()
FNDA:0,System.String Audiora.Models.SpotifyCredentials::get_ClientSecret()
DA:6,0
LF:2
LH:0
BRF:0
BRH:0
FNF:2
FNH:0
end_of_record
SF:C:\Users\GustasCikanavicius\c\Audiora\Models\User.cs
FN:16,System.Guid Audiora.Models.User::get_Id()
FNDA:28,System.Guid Audiora.Models.User::get_Id()
DA:17,28
FN:17,Audiora.Models.UserRole Audiora.Models.User::get_Role()
FNDA:35,Audiora.Models.UserRole Audiora.Models.User::get_Role()
DA:18,35
FN:18,System.String Audiora.Models.User::get_Username()
FNDA:34,System.String Audiora.Models.User::get_Username()
DA:19,34
FN:19,System.String Audiora.Models.User::get_Password()
FNDA:30,System.String Audiora.Models.User::get_Password()
DA:20,30
FN:20,System.Collections.Generic.List`1<System.String> Audiora.Models.User::get_Genres()
FNDA:17,System.Collections.Generic.List`1<System.String> Audiora.Models.User::get_Genres()
DA:21,17
FN:21,System.String Audiora.Models.User::get_TopSongsJson()
FNDA:10,System.String Audiora.Models.User::get_TopSongsJson()
DA:22,10
FN:27,System.Collections.Generic.List`1<Audiora.Models.SongInfo> Audiora.Models.User::get_TopSongs()
FNDA:5,System.Collections.Generic.List`1<Audiora.Models.SongInfo> Audiora.Models.User::get_TopSongs()
DA:28,5
DA:29,5
DA:30,4
DA:32,1
DA:33,1
DA:35,0
DA:36,0
DA:37,0
DA:39,5
BRDA:29,14,0,4
BRDA:29,14,1,1
BRDA:33,38,0,0
BRDA:33,38,1,1
FN:40,System.Void Audiora.Models.User::set_TopSongs(System.Collections.Generic.List`1<Audiora.Models.SongInfo>)
FNDA:1,System.Void Audiora.Models.User::set_TopSongs(System.Collections.Generic.List`1<Audiora.Models.SongInfo>)
DA:41,1
DA:42,1
DA:43,1
DA:44,1
DA:45,1
BRDA:42,3,0,1
BRDA:42,11,0,1
BRDA:42,3,1,0
BRDA:42,11,1,0
FN:50,System.String Audiora.Models.SongInfo::get_Id()
FNDA:3,System.String Audiora.Models.SongInfo::get_Id()
DA:51,3
FN:53,System.String Audiora.Models.SongInfo::get_Name()
FNDA:3,System.String Audiora.Models.SongInfo::get_Name()
DA:54,3
FN:56,System.String Audiora.Models.SongInfo::get_Artist()
FNDA:3,System.String Audiora.Models.SongInfo::get_Artist()
DA:57,3
FN:59,System.String Audiora.Models.SongInfo::get_AlbumImageUrl()
FNDA:3,System.String Audiora.Models.SongInfo::get_AlbumImageUrl()
DA:60,3
FN:47,System.Void Audiora.Models.SongInfo::.ctor(Audiora.Models.SongInfo)
FNDA:0,System.Void Audiora.Models.SongInfo::.ctor(Audiora.Models.SongInfo)
DA:48,0
LF:25
LH:21
BRF:8
BRH:5
FNF:13
FNH:12
end_of_record
SF:C:\Users\GustasCikanavicius\c\Audiora\Migrations\20251105163212_InitialCreate.cs
FN:13,System.Void Audiora.Migrations.InitialCreate::Up(Microsoft.EntityFrameworkCore.Migrations.MigrationBuilder)
FNDA:0,System.Void Audiora.Migrations.InitialCreate::Up(Microsoft.EntityFrameworkCore.Migrations.MigrationBuilder)
DA:14,0
DA:15,0
DA:16,0
DA:17,0
DA:18,0
DA:19,0
DA:20,0
DA:21,0
DA:22,0
DA:23,0
DA:24,0
DA:25,0
DA:26,0
DA:27,0
DA:28,0
DA:30,0
DA:31,0
DA:32,0
DA:33,0
DA:34,0
DA:35,0
DA:36,0
DA:37,0
DA:38,0
DA:39,0
DA:40,0
DA:41,0
DA:42,0
DA:43,0
DA:44,0
FN:47,System.Void Audiora.Migrations.InitialCreate::Down(Microsoft.EntityFrameworkCore.Migrations.MigrationBuilder)
FNDA:0,System.Void Audiora.Migrations.InitialCreate::Down(Microsoft.EntityFrameworkCore.Migrations.MigrationBuilder)
DA:48,0
DA:49,0
DA:50,0
DA:52,0
DA:53,0
DA:54,0
LF:36
LH:0
BRF:0
BRH:0
FNF:2
FNH:0
end_of_record
SF:C:\Users\GustasCikanavicius\c\Audiora\Migrations\20251105163212_InitialCreate.Designer.cs
FN:19,System.Void Audiora.Migrations.InitialCreate::BuildTargetModel(Microsoft.EntityFrameworkCore.ModelBuilder)
FNDA:0,System.Void Audiora.Migrations.InitialCreate::BuildTargetModel(Microsoft.EntityFrameworkCore.ModelBuilder)
DA:20,0
DA:22,0
DA:23,0
DA:24,0
DA:26,0
DA:28,0
DA:29,0
DA:30,0
DA:31,0
DA:32,0
DA:33,0
DA:34,0
DA:35,0
DA:36,0
DA:37,0
DA:38,0
DA:39,0
DA:40,0
DA:41,0
DA:42,0
DA:43,0
DA:44,0
DA:45,0
DA:46,0
DA:47,0
DA:48,0
DA:49,0
DA:51,0
DA:52,0
DA:53,0
DA:54,0
DA:55,0
DA:56,0
DA:57,0
DA:58,0
DA:59,0
DA:60,0
DA:61,0
DA:62,0
DA:63,0
DA:64,0
DA:65,0
DA:66,0
DA:67,0
DA:68,0
DA:69,0
DA:70,0
DA:71,0
DA:72,0
DA:74,0
LF:50
LH:0
BRF:0
BRH:0
FNF:1
FNH:0
end_of_record
SF:C:\Users\GustasCikanavicius\c\Audiora\Migrations\20251105182348_AddSongDetailsToSeenSongs.cs
FN:11,System.Void Audiora.Migrations.AddSongDetailsToSeenSongs::Up(Microsoft.EntityFrameworkCore.Migrations.MigrationBuilder)
FNDA:0,System.Void Audiora.Migrations.AddSongDetailsToSeenSongs::Up(Microsoft.EntityFrameworkCore.Migrations.MigrationBuilder)
DA:12,0
DA:13,0
DA:14,0
DA:15,0
DA:16,0
DA:17,0
DA:19,0
DA:20,0
DA:21,0
DA:22,0
DA:23,0
DA:25,0
DA:26,0
DA:27,0
DA:28,0
DA:29,0
DA:30,0
FN:33,System.Void Audiora.Migrations.AddSongDetailsToSeenSongs::Down(Microsoft.EntityFrameworkCore.Migrations.MigrationBuilder)
FNDA:0,System.Void Audiora.Migrations.AddSongDetailsToSeenSongs::Down(Microsoft.EntityFrameworkCore.Migrations.MigrationBuilder)
DA:34,0
DA:35,0
DA:36,0
DA:37,0
DA:39,0
DA:40,0
DA:41,0
DA:43,0
DA:44,0
DA:45,0
DA:46,0
LF:28
LH:0
BRF:0
BRH:0
FNF:2
FNH:0
end_of_record
SF:C:\Users\GustasCikanavicius\c\Audiora\Migrations\20251105182348_AddSongDetailsToSeenSongs.Designer.cs
FN:19,System.Void Audiora.Migrations.AddSongDetailsToSeenSongs::BuildTargetModel(Microsoft.EntityFrameworkCore.ModelBuilder)
FNDA:0,System.Void Audiora.Migrations.AddSongDetailsToSeenSongs::BuildTargetModel(Microsoft.EntityFrameworkCore.ModelBuilder)
DA:20,0
DA:22,0
DA:23,0
DA:24,0
DA:26,0
DA:28,0
DA:29,0
DA:30,0
DA:31,0
DA:32,0
DA:33,0
DA:34,0
DA:35,0
DA:36,0
DA:37,0
DA:38,0
DA:39,0
DA:40,0
DA:41,0
DA:42,0
DA:43,0
DA:44,0
DA:45,0
DA:46,0
DA:47,0
DA:48,0
DA:49,0
DA:50,0
DA:51,0
DA:52,0
DA:53,0
DA:54,0
DA:55,0
DA:56,0
DA:57,0
DA:58,0
DA:60,0
DA:61,0
DA:62,0
DA:63,0
DA:64,0
DA:65,0
DA:66,0
DA:67,0
DA:68,0
DA:69,0
DA:70,0
DA:71,0
DA:72,0
DA:73,0
DA:74,0
DA:75,0
DA:76,0
DA:77,0
DA:78,0
DA:79,0
DA:80,0
DA:81,0
DA:83,0
LF:59
LH:0
BRF:0
BRH:0
FNF:1
FNH:0
end_of_record
SF:C:\Users\GustasCikanavicius\c\Audiora\Migrations\20251105182503_AddTopSongsJsonToUsers.cs
FN:11,System.Void Audiora.Migrations.AddTopSongsJsonToUsers::Up(Microsoft.EntityFrameworkCore.Migrations.MigrationBuilder)
FNDA:0,System.Void Audiora.Migrations.AddTopSongsJsonToUsers::Up(Microsoft.EntityFrameworkCore.Migrations.MigrationBuilder)
DA:12,0
DA:13,0
DA:14,0
DA:15,0
DA:16,0
DA:17,0
DA:18,0
FN:21,System.Void Audiora.Migrations.AddTopSongsJsonToUsers::Down(Microsoft.EntityFrameworkCore.Migrations.MigrationBuilder)
FNDA:0,System.Void Audiora.Migrations.AddTopSongsJsonToUsers::Down(Microsoft.EntityFrameworkCore.Migrations.MigrationBuilder)
DA:22,0
DA:23,0
DA:24,0
DA:25,0
DA:26,0
LF:12
LH:0
BRF:0
BRH:0
FNF:2
FNH:0
end_of_record
SF:C:\Users\GustasCikanavicius\c\Audiora\Migrations\20251105182503_AddTopSongsJsonToUsers.Designer.cs
FN:19,System.Void Audiora.Migrations.AddTopSongsJsonToUsers::BuildTargetModel(Microsoft.EntityFrameworkCore.ModelBuilder)
FNDA:0,System.Void Audiora.Migrations.AddTopSongsJsonToUsers::BuildTargetModel(Microsoft.EntityFrameworkCore.ModelBuilder)
DA:20,0
DA:22,0
DA:23,0
DA:24,0
DA:26,0
DA:28,0
DA:29,0
DA:30,0
DA:31,0
DA:32,0
DA:33,0
DA:34,0
DA:35,0
DA:36,0
DA:37,0
DA:38,0
DA:39,0
DA:40,0
DA:41,0
DA:42,0
DA:43,0
DA:44,0
DA:45,0
DA:46,0
DA:47,0
DA:48,0
DA:49,0
DA:50,0
DA:51,0
DA:52,0
DA:53,0
DA:54,0
DA:55,0
DA:56,0
DA:57,0
DA:58,0
DA:60,0
DA:61,0
DA:62,0
DA:63,0
DA:64,0
DA:65,0
DA:66,0
DA:67,0
DA:68,0
DA:69,0
DA:70,0
DA:71,0
DA:72,0
DA:73,0
DA:74,0
DA:75,0
DA:76,0
DA:77,0
DA:78,0
DA:79,0
DA:80,0
DA:81,0
DA:82,0
DA:83,0
DA:84,0
DA:86,0
LF:62
LH:0
BRF:0
BRH:0
FNF:1
FNH:0
end_of_record
SF:C:\Users\GustasCikanavicius\c\Audiora\Migrations\AudioraDbContextModelSnapshot.cs
FN:16,System.Void Audiora.Migrations.AudioraDbContextModelSnapshot::BuildModel(Microsoft.EntityFrameworkCore.ModelBuilder)
FNDA:0,System.Void Audiora.Migrations.AudioraDbContextModelSnapshot::BuildModel(Microsoft.EntityFrameworkCore.ModelBuilder)
DA:17,0
DA:19,0
DA:20,0
DA:21,0
DA:23,0
DA:25,0
DA:26,0
DA:27,0
DA:28,0
DA:29,0
DA:30,0
DA:31,0
DA:32,0
DA:33,0
DA:34,0
DA:35,0
DA:36,0
DA:37,0
DA:38,0
DA:39,0
DA:40,0
DA:41,0
DA:42,0
DA:43,0
DA:44,0
DA:45,0
DA:46,0
DA:47,0
DA:48,0
DA:49,0
DA:50,0
DA:51,0
DA:52,0
DA:53,0
DA:54,0
DA:55,0
DA:57,0
DA:58,0
DA:59,0
DA:60,0
DA:61,0
DA:62,0
DA:63,0
DA:64,0
DA:65,0
DA:66,0
DA:67,0
DA:68,0
DA:69,0
DA:70,0
DA:71,0
DA:72,0
DA:73,0
DA:74,0
DA:75,0
DA:76,0
DA:77,0
DA:78,0
DA:79,0
DA:80,0
DA:81,0
DA:83,0
LF:62
LH:0
BRF:0
BRH:0
FNF:1
FNH:0
end_of_record
SF:C:\Users\GustasCikanavicius\c\Audiora\Extensions\StringExtensions.cs
FN:9,System.Collections.Generic.IEnumerable`1<System.String> Audiora.Extensions.StringExtensions::ToSpotifySeedGenres(System.Collections.Generic.IEnumerable`1<System.String>)
FNDA:0,System.Collections.Generic.IEnumerable`1<System.String> Audiora.Extensions.StringExtensions::ToSpotifySeedGenres(System.Collections.Generic.IEnumerable`1<System.String>)
DA:10,0
DA:11,0
DA:12,0
DA:13,0
DA:14,0
DA:15,0
DA:16,0
DA:17,0
DA:18,0
DA:19,0
DA:20,0
DA:21,0
DA:22,0
DA:23,0
DA:24,0
DA:25,0
DA:26,0
DA:27,0
DA:28,0
DA:29,0
DA:30,0
DA:31,0
DA:32,0
DA:33,0
DA:35,0
DA:36,0
DA:37,0
DA:38,0
DA:39,0
DA:40,0
DA:41,0
DA:42,0
DA:43,0
DA:44,0
BRDA:36,409,1,0
BRDA:38,389,0,0
BRDA:38,389,1,0
BRDA:36,409,0,0
LF:34
LH:0
BRF:4
BRH:0
FNF:1
FNH:0
end_of_record
SF:C:\Users\GustasCikanavicius\c\Audiora\Exceptions\SpotifyApiException.cs
FN:4,System.Void Audiora.Exceptions.SpotifyApiException::.ctor()
FNDA:0,System.Void Audiora.Exceptions.SpotifyApiException::.ctor()
DA:5,0
DA:6,0
DA:7,0
FN:9,System.Void Audiora.Exceptions.SpotifyApiException::.ctor(System.String)
FNDA:0,System.Void Audiora.Exceptions.SpotifyApiException::.ctor(System.String)
DA:10,0
DA:11,0
DA:12,0
FN:14,System.Void Audiora.Exceptions.SpotifyApiException::.ctor(System.String,System.Exception)
FNDA:0,System.Void Audiora.Exceptions.SpotifyApiException::.ctor(System.String,System.Exception)
DA:15,0
DA:16,0
DA:17,0
LF:9
LH:0
BRF:0
BRH:0
FNF:3
FNH:0
end_of_record
SF:C:\Users\GustasCikanavicius\c\Audiora\Data\AudioraDbContext.cs
FN:11,Microsoft.EntityFrameworkCore.DbSet`1<Audiora.Models.User> Audiora.Data.AudioraDbContext::get_Users()
FNDA:110,Microsoft.EntityFrameworkCore.DbSet`1<Audiora.Models.User> Audiora.Data.AudioraDbContext::get_Users()
DA:12,110
FN:12,Microsoft.EntityFrameworkCore.DbSet`1<Audiora.Data.SeenSong> Audiora.Data.AudioraDbContext::get_SeenSongs()
FNDA:104,Microsoft.EntityFrameworkCore.DbSet`1<Audiora.Data.SeenSong> Audiora.Data.AudioraDbContext::get_SeenSongs()
DA:13,104
FN:13,Microsoft.EntityFrameworkCore.DbSet`1<Audiora.Models.Room> Audiora.Data.AudioraDbContext::get_Rooms()
FNDA:110,Microsoft.EntityFrameworkCore.DbSet`1<Audiora.Models.Room> Audiora.Data.AudioraDbContext::get_Rooms()
DA:14,110
FN:14,Microsoft.EntityFrameworkCore.DbSet`1<Audiora.Models.ChatMessage> Audiora.Data.AudioraDbContext::get_ChatMessages()
FNDA:101,Microsoft.EntityFrameworkCore.DbSet`1<Audiora.Models.ChatMessage> Audiora.Data.AudioraDbContext::get_ChatMessages()
DA:15,101
FN:17,System.Void Audiora.Data.AudioraDbContext::OnModelCreating(Microsoft.EntityFrameworkCore.ModelBuilder)
FNDA:1,System.Void Audiora.Data.AudioraDbContext::OnModelCreating(Microsoft.EntityFrameworkCore.ModelBuilder)
DA:18,1
DA:19,1
DA:20,1
DA:21,1
DA:22,1
DA:23,1
DA:24,1
DA:25,1
DA:26,1
DA:27,1
DA:29,1
DA:30,1
DA:31,1
DA:32,1
DA:33,1
DA:34,1
DA:35,1
DA:36,1
DA:37,1
DA:38,1
DA:39,1
DA:40,1
DA:41,1
DA:42,1
DA:43,1
DA:44,1
DA:45,1
DA:46,1
DA:47,2
DA:49,1
DA:50,1
DA:51,1
DA:52,1
DA:53,1
DA:54,1
DA:55,1
DA:56,1
DA:57,1
DA:58,1
DA:59,2
DA:60,1
FN:7,System.Void Audiora.Data.AudioraDbContext::.ctor(Microsoft.EntityFrameworkCore.DbContextOptions`1<Audiora.Data.AudioraDbContext>)
FNDA:87,System.Void Audiora.Data.AudioraDbContext::.ctor(Microsoft.EntityFrameworkCore.DbContextOptions`1<Audiora.Data.AudioraDbContext>)
DA:8,87
DA:9,87
DA:10,87
FN:64,System.Int32 Audiora.Data.SeenSong::get_Id()
FNDA:1,System.Int32 Audiora.Data.SeenSong::get_Id()
DA:65,1
FN:65,System.Guid Audiora.Data.SeenSong::get_UserId()
FNDA:10,System.Guid Audiora.Data.SeenSong::get_UserId()
DA:66,10
FN:66,System.String Audiora.Data.SeenSong::get_SongId()
FNDA:10,System.String Audiora.Data.SeenSong::get_SongId()
DA:67,10
FN:67,System.Boolean Audiora.Data.SeenSong::get_Liked()
FNDA:15,System.Boolean Audiora.Data.SeenSong::get_Liked()
DA:68,15
FN:68,System.String Audiora.Data.SeenSong::get_Name()
FNDA:9,System.String Audiora.Data.SeenSong::get_Name()
DA:69,9
FN:69,System.String Audiora.Data.SeenSong::get_Artist()
FNDA:5,System.String Audiora.Data.SeenSong::get_Artist()
DA:70,5
FN:70,System.String Audiora.Data.SeenSong::get_AlbumImageUrl()
FNDA:2,System.String Audiora.Data.SeenSong::get_AlbumImageUrl()
DA:71,2
LF:55
LH:55
BRF:0
BRH:0
FNF:13
FNH:13
end_of_record
SF:C:\Users\GustasCikanavicius\c\Audiora\Controllers\AuthController.cs
FN:20,System.Void Audiora.Controllers.AuthController::.ctor(Audiora.Data.AudioraDbContext,Audiora.Services.DataService`1<Audiora.Models.User>)
FNDA:11,System.Void Audiora.Controllers.AuthController::.ctor(Audiora.Data.AudioraDbContext,Audiora.Services.DataService`1<Audiora.Models.User>)
DA:21,11
DA:22,11
DA:23,11
DA:24,11
DA:25,11
FN:120,System.String Audiora.Controllers.AuthController/UpdateGenresRequest::get_UserId()
FNDA:3,System.String Audiora.Controllers.AuthController/UpdateGenresRequest::get_UserId()
DA:121,3
FN:121,System.Collections.Generic.List`1<System.String> Audiora.Controllers.AuthController/UpdateGenresRequest::get_Genres()
FNDA:3,System.Collections.Generic.List`1<System.String> Audiora.Controllers.AuthController/UpdateGenresRequest::get_Genres()
DA:122,3
FN:126,System.String Audiora.Controllers.AuthController/UpdateTopSongsRequest::get_UserId()
FNDA:0,System.String Audiora.Controllers.AuthController/UpdateTopSongsRequest::get_UserId()
DA:127,0
FN:127,System.Collections.Generic.List`1<Audiora.Models.SongInfo> Audiora.Controllers.AuthController/UpdateTopSongsRequest::get_TopSongs()
FNDA:0,System.Collections.Generic.List`1<Audiora.Models.SongInfo> Audiora.Controllers.AuthController/UpdateTopSongsRequest::get_TopSongs()
DA:128,0
FN:59,System.Void Audiora.Controllers.AuthController/<GetUser>d__5::MoveNext()
FNDA:2,System.Void Audiora.Controllers.AuthController/<GetUser>d__5::MoveNext()
DA:60,2
DA:61,2
DA:62,1
DA:63,1
DA:66,1
DA:67,1
DA:68,0
DA:70,1
DA:71,1
DA:72,1
DA:73,1
DA:74,1
DA:75,1
DA:76,1
DA:77,1
DA:78,2
BRDA:61,40,0,2
BRDA:61,40,1,0
BRDA:61,72,0,1
BRDA:61,72,1,1
BRDA:67,373,0,0
BRDA:67,373,1,1
BRDA:70,443,0,1
BRDA:70,443,1,1
BRDA:70,463,0,0
BRDA:70,463,1,1
FN:46,System.Void Audiora.Controllers.AuthController/<Login>d__4::MoveNext()
FNDA:3,System.Void Audiora.Controllers.AuthController/<Login>d__4::MoveNext()
DA:47,3
DA:48,3
DA:50,3
DA:51,2
DA:52,2
DA:55,1
DA:56,3
BRDA:50,316,0,2
BRDA:50,316,1,1
BRDA:50,362,0,2
BRDA:50,362,1,1
FN:28,System.Void Audiora.Controllers.AuthController/<Register>d__3::MoveNext()
FNDA:5,System.Void Audiora.Controllers.AuthController/<Register>d__3::MoveNext()
DA:29,5
DA:30,5
DA:31,1
DA:32,1
DA:35,4
DA:36,4
DA:37,4
DA:38,4
DA:40,4
DA:42,4
DA:43,5
BRDA:30,313,0,1
BRDA:30,313,1,4
BRDA:37,421,0,4
BRDA:37,421,1,4
FN:81,System.Void Audiora.Controllers.AuthController/<UpdateGenres>d__6::MoveNext()
FNDA:1,System.Void Audiora.Controllers.AuthController/<UpdateGenres>d__6::MoveNext()
DA:82,1
DA:83,1
DA:84,0
DA:85,0
DA:88,1
DA:89,1
DA:90,0
DA:92,1
DA:93,1
DA:94,1
DA:95,1
BRDA:83,56,0,1
BRDA:83,56,1,0
BRDA:83,93,0,0
BRDA:83,93,1,1
BRDA:89,394,0,0
BRDA:89,394,1,1
BRDA:92,431,0,0
BRDA:92,431,1,1
FN:98,System.Void Audiora.Controllers.AuthController/<UpdateTopSongs>d__7::MoveNext()
FNDA:0,System.Void Audiora.Controllers.AuthController/<UpdateTopSongs>d__7::MoveNext()
DA:99,0
DA:100,0
DA:101,0
DA:102,0
DA:105,0
DA:106,0
DA:107,0
DA:109,0
DA:112,0
DA:114,0
DA:116,0
DA:117,0
BRDA:100,56,0,0
BRDA:100,56,1,0
BRDA:100,93,0,0
BRDA:100,93,1,0
BRDA:106,394,0,0
BRDA:106,394,1,0
BRDA:109,431,0,0
BRDA:109,431,1,0
LF:66
LH:48
BRF:34
BRH:19
FNF:10
FNH:7
end_of_record
SF:C:\Users\GustasCikanavicius\c\Audiora\Controllers\DirectChatController.cs
FN:51,System.Guid Audiora.Controllers.DirectChatController::ChatIdToGuid(System.String)
FNDA:2,System.Guid Audiora.Controllers.DirectChatController::ChatIdToGuid(System.String)
DA:52,2
DA:53,2
DA:54,2
DA:55,2
DA:56,2
DA:57,2
DA:58,2
FN:16,System.Void Audiora.Controllers.DirectChatController::.ctor(Audiora.Data.AudioraDbContext,Audiora.Services.MatchStore)
FNDA:6,System.Void Audiora.Controllers.DirectChatController::.ctor(Audiora.Data.AudioraDbContext,Audiora.Services.MatchStore)
DA:17,6
DA:18,6
DA:19,6
DA:20,6
DA:21,6
FN:34,System.String Audiora.Controllers.DirectChatController/SendRequest::get_ChatId()
FNDA:34,System.String Audiora.Controllers.DirectChatController/SendRequest::get_ChatId()
DA:35,34
FN:24,System.Void Audiora.Controllers.DirectChatController/<GetMessages>d__3::MoveNext()
FNDA:2,System.Void Audiora.Controllers.DirectChatController/<GetMessages>d__3::MoveNext()
DA:25,2
DA:26,3
DA:27,1
DA:28,1
DA:29,1
DA:30,1
DA:31,1
DA:32,1
DA:33,2
BRDA:26,32,0,1
BRDA:26,32,1,1
FN:38,System.Void Audiora.Controllers.DirectChatController/<Send>d__5::MoveNext()
FNDA:4,System.Void Audiora.Controllers.DirectChatController/<Send>d__5::MoveNext()
DA:39,4
DA:40,4
DA:41,1
DA:42,4
DA:43,3
DA:44,1
DA:45,1
DA:46,1
DA:47,1
DA:48,1
DA:49,4
BRDA:40,34,0,3
BRDA:40,52,0,3
BRDA:40,34,1,1
BRDA:40,52,1,1
BRDA:40,75,0,1
BRDA:40,75,1,3
BRDA:42,117,0,1
BRDA:42,117,1,2
BRDA:43,170,0,1
BRDA:43,170,1,1
LF:33
LH:33
BRF:12
BRH:12
FNF:5
FNH:5
end_of_record
SF:C:\Users\GustasCikanavicius\c\Audiora\Controllers\MatchController.cs
FN:18,System.Void Audiora.Controllers.MatchController::.ctor(Audiora.Services.MatchStore,Audiora.Data.AudioraDbContext,Microsoft.AspNetCore.SignalR.IHubContext`1<Audiora.Models.RoomHub>)
FNDA:7,System.Void Audiora.Controllers.MatchController::.ctor(Audiora.Services.MatchStore,Audiora.Data.AudioraDbContext,Microsoft.AspNetCore.SignalR.IHubContext`1<Audiora.Models.RoomHub>)
DA:19,7
DA:20,7
DA:21,7
DA:22,7
DA:23,7
DA:24,7
FN:66,System.String Audiora.Controllers.MatchController/LikeRequest::get_UserId()
FNDA:23,System.String Audiora.Controllers.MatchController/LikeRequest::get_UserId()
DA:67,23
FN:38,<>f__AnonymousType2`3<System.Guid,System.String,System.Collections.Generic.IEnumerable`1<<>f__AnonymousType3`3<System.String,System.String,System.String>>> Audiora.Controllers.MatchController/<>c::<GetCandidates>b__4_4(Audiora.Models.User)
FNDA:1,<>f__AnonymousType2`3<System.Guid,System.String,System.Collections.Generic.IEnumerable`1<<>f__AnonymousType3`3<System.String,System.String,System.String>>> Audiora.Controllers.MatchController/<>c::<GetCandidates>b__4_4(Audiora.Models.User)
DA:39,1
DA:40,1
DA:41,1
DA:42,0
DA:43,1
BRDA:39,19,0,0
BRDA:39,19,1,1
FN:101,System.String Audiora.Controllers.MatchController/<>c::<List>b__7_1(Audiora.Models.User)
FNDA:4,System.String Audiora.Controllers.MatchController/<>c::<List>b__7_1(Audiora.Models.User)
DA:102,4
FN:32,System.String Audiora.Controllers.MatchController/<>c__DisplayClass4_0::<GetCandidates>b__0(Audiora.Services.MatchRecord)
FNDA:2,System.String Audiora.Controllers.MatchController/<>c__DisplayClass4_0::<GetCandidates>b__0(Audiora.Services.MatchRecord)
DA:33,2
BRDA:33,17,0,0
BRDA:33,17,1,0
FN:35,System.Boolean Audiora.Controllers.MatchController/<>c__DisplayClass4_0::<GetCandidates>b__1(Audiora.Models.User)
FNDA:1,System.Boolean Audiora.Controllers.MatchController/<>c__DisplayClass4_0::<GetCandidates>b__1(Audiora.Models.User)
DA:36,1
FN:36,System.Boolean Audiora.Controllers.MatchController/<>c__DisplayClass4_0::<GetCandidates>b__2(Audiora.Models.User)
FNDA:1,System.Boolean Audiora.Controllers.MatchController/<>c__DisplayClass4_0::<GetCandidates>b__2(Audiora.Models.User)
DA:37,1
FN:37,System.Boolean Audiora.Controllers.MatchController/<>c__DisplayClass4_0::<GetCandidates>b__3(Audiora.Models.User)
FNDA:1,System.Boolean Audiora.Controllers.MatchController/<>c__DisplayClass4_0::<GetCandidates>b__3(Audiora.Models.User)
DA:38,1
FN:97,System.String Audiora.Controllers.MatchController/<>c__DisplayClass7_0::<List>b__0(Audiora.Services.MatchRecord)
FNDA:3,System.String Audiora.Controllers.MatchController/<>c__DisplayClass7_0::<List>b__0(Audiora.Services.MatchRecord)
DA:98,3
BRDA:98,17,0,1
BRDA:98,17,1,0
FN:103,<>f__AnonymousType8`4<System.String,System.String,System.String,System.DateTime> Audiora.Controllers.MatchController/<>c__DisplayClass7_0::<List>b__3(Audiora.Services.MatchRecord)
FNDA:3,<>f__AnonymousType8`4<System.String,System.String,System.String,System.DateTime> Audiora.Controllers.MatchController/<>c__DisplayClass7_0::<List>b__3(Audiora.Services.MatchRecord)
DA:104,3
DA:105,1
DA:106,1
DA:107,1
DA:108,3
BRDA:105,18,0,1
BRDA:105,18,1,0
BRDA:107,59,0,0
BRDA:107,59,1,1
FN:27,System.Void Audiora.Controllers.MatchController/<GetCandidates>d__4::MoveNext()
FNDA:2,System.Void Audiora.Controllers.MatchController/<GetCandidates>d__4::MoveNext()
DA:28,2
DA:30,2
DA:31,2
DA:32,2
DA:35,2
DA:44,2
DA:47,2
DA:48,1
DA:49,1
DA:50,1
DA:51,1
DA:52,1
DA:53,1
DA:54,1
DA:55,1
DA:56,1
DA:57,1
DA:58,1
DA:59,1
DA:60,1
DA:61,1
DA:62,1
DA:64,2
DA:65,2
BRDA:47,697,0,1
BRDA:50,756,0,1
BRDA:50,756,1,1
BRDA:47,697,1,2
FN:70,System.Void Audiora.Controllers.MatchController/<Like>d__6::MoveNext()
FNDA:3,System.Void Audiora.Controllers.MatchController/<Like>d__6::MoveNext()
DA:71,3
DA:72,3
DA:73,1
DA:75,2
DA:76,2
DA:77,1
DA:79,1
DA:80,1
DA:81,1
DA:84,1
DA:86,1
DA:87,1
DA:88,1
DA:89,1
DA:90,1
DA:91,3
BRDA:72,110,0,2
BRDA:72,110,1,1
BRDA:72,138,0,1
BRDA:72,138,1,2
BRDA:76,382,0,1
BRDA:76,382,1,1
BRDA:76,400,0,1
BRDA:81,826,0,1
BRDA:81,826,1,0
BRDA:76,400,1,1
BRDA:87,1177,0,1
BRDA:87,1177,1,0
BRDA:87,1189,0,1
BRDA:87,1189,1,1
FN:94,System.Void Audiora.Controllers.MatchController/<List>d__7::MoveNext()
FNDA:2,System.Void Audiora.Controllers.MatchController/<List>d__7::MoveNext()
DA:95,2
DA:96,2
DA:99,2
DA:100,2
DA:101,2
DA:110,2
DA:111,2
LF:70
LH:69
BRF:28
BRH:20
FNF:13
FNH:13
end_of_record
SF:C:\Users\GustasCikanavicius\c\Audiora\Controllers\RoomController.cs
FN:13,System.Void Audiora.Controllers.RoomController::.ctor(Audiora.Data.AudioraDbContext)
FNDA:20,System.Void Audiora.Controllers.RoomController::.ctor(Audiora.Data.AudioraDbContext)
DA:14,20
DA:15,20
DA:16,20
DA:17,20
FN:20,System.Void Audiora.Controllers.RoomController/<CreateRoom>d__2::MoveNext()
FNDA:7,System.Void Audiora.Controllers.RoomController/<CreateRoom>d__2::MoveNext()
DA:21,7
DA:22,7
DA:23,1
DA:24,6
DA:25,1
DA:27,5
DA:28,5
DA:29,5
DA:30,5
DA:31,5
DA:32,5
DA:33,5
DA:35,5
DA:36,4
DA:37,4
DA:38,1
DA:39,3
DA:40,3
DA:42,4
DA:43,4
DA:44,4
DA:45,7
BRDA:22,36,0,1
BRDA:22,36,1,6
BRDA:24,87,0,1
BRDA:24,87,1,5
BRDA:35,211,0,4
BRDA:37,234,0,1
BRDA:37,234,1,3
BRDA:35,211,1,4
FN:92,System.Void Audiora.Controllers.RoomController/<GetMessages>d__6::MoveNext()
FNDA:2,System.Void Audiora.Controllers.RoomController/<GetMessages>d__6::MoveNext()
DA:93,2
DA:94,2
DA:95,2
DA:96,2
DA:97,2
DA:98,2
DA:99,2
FN:56,System.Void Audiora.Controllers.RoomController/<GetRoom>d__4::MoveNext()
FNDA:2,System.Void Audiora.Controllers.RoomController/<GetRoom>d__4::MoveNext()
DA:57,2
DA:58,2
DA:59,3
DA:60,1
DA:61,2
BRDA:59,187,0,1
BRDA:59,187,1,1
FN:64,System.Void Audiora.Controllers.RoomController/<JoinRoom>d__5::MoveNext()
FNDA:8,System.Void Audiora.Controllers.RoomController/<JoinRoom>d__5::MoveNext()
DA:65,8
DA:66,8
DA:67,1
DA:69,7
DA:70,7
DA:71,1
DA:73,6
DA:74,4
DA:75,4
DA:76,1
DA:77,3
DA:78,1
DA:79,2
DA:81,4
DA:82,3
DA:83,3
DA:84,3
DA:85,3
DA:87,4
DA:88,8
BRDA:66,56,0,1
BRDA:66,56,1,7
BRDA:70,253,0,1
BRDA:70,253,1,6
BRDA:73,292,0,4
BRDA:75,315,0,1
BRDA:75,315,1,3
BRDA:77,375,0,1
BRDA:77,375,1,2
BRDA:73,292,1,4
BRDA:81,429,0,3
BRDA:81,429,1,4
FN:48,System.Void Audiora.Controllers.RoomController/<ListRooms>d__3::MoveNext()
FNDA:1,System.Void Audiora.Controllers.RoomController/<ListRooms>d__3::MoveNext()
DA:49,1
DA:50,1
DA:51,1
DA:52,1
DA:53,1
FN:103,System.String Audiora.Controllers.CreateRoomRequest::get_Name()
FNDA:21,System.String Audiora.Controllers.CreateRoomRequest::get_Name()
DA:104,21
FN:104,System.String Audiora.Controllers.CreateRoomRequest::get_UserId()
FNDA:15,System.String Audiora.Controllers.CreateRoomRequest::get_UserId()
DA:105,15
FN:105,System.Boolean Audiora.Controllers.CreateRoomRequest::get_IsPrivate()
FNDA:26,System.Boolean Audiora.Controllers.CreateRoomRequest::get_IsPrivate()
DA:106,26
FN:106,System.String Audiora.Controllers.CreateRoomRequest::get_Password()
FNDA:13,System.String Audiora.Controllers.CreateRoomRequest::get_Password()
DA:107,13
FN:101,System.Void Audiora.Controllers.CreateRoomRequest::.ctor(Audiora.Controllers.CreateRoomRequest)
FNDA:0,System.Void Audiora.Controllers.CreateRoomRequest::.ctor(Audiora.Controllers.CreateRoomRequest)
DA:102,0
FN:111,System.String Audiora.Controllers.JoinRoomRequest::get_UserId()
FNDA:17,System.String Audiora.Controllers.JoinRoomRequest::get_UserId()
DA:112,17
FN:112,System.String Audiora.Controllers.JoinRoomRequest::get_Password()
FNDA:12,System.String Audiora.Controllers.JoinRoomRequest::get_Password()
DA:113,12
FN:109,System.Void Audiora.Controllers.JoinRoomRequest::.ctor(Audiora.Controllers.JoinRoomRequest)
FNDA:0,System.Void Audiora.Controllers.JoinRoomRequest::.ctor(Audiora.Controllers.JoinRoomRequest)
DA:110,0
LF:71
LH:69
BRF:22
BRH:22
FNF:14
FNH:12
end_of_record
SF:C:\Users\GustasCikanavicius\c\Audiora\Controllers\SpotifyController.cs
FN:22,System.Void Audiora.Controllers.SpotifyController::.ctor(Audiora.Services.SpotifyService,Microsoft.AspNetCore.Hosting.IWebHostEnvironment,Audiora.Data.AudioraDbContext)
FNDA:0,System.Void Audiora.Controllers.SpotifyController::.ctor(Audiora.Services.SpotifyService,Microsoft.AspNetCore.Hosting.IWebHostEnvironment,Audiora.Data.AudioraDbContext)
DA:23,0
DA:24,0
DA:25,0
DA:26,0
DA:27,0
DA:28,0
FN:54,System.Void Audiora.Controllers.SpotifyController/<GetRecommendations>d__5::MoveNext()
FNDA:0,System.Void Audiora.Controllers.SpotifyController/<GetRecommendations>d__5::MoveNext()
DA:55,0
DA:56,0
DA:57,0
DA:58,0
DA:62,0
DA:63,0
DA:64,0
DA:65,0
DA:68,0
DA:70,0
DA:71,0
DA:72,0
DA:73,0
DA:74,0
DA:75,0
DA:76,0
DA:77,0
DA:78,0
DA:79,0
DA:80,0
DA:81,0
DA:82,0
DA:83,0
DA:84,0
DA:85,0
DA:86,0
DA:88,0
DA:89,0
DA:90,0
DA:92,0
DA:93,0
DA:94,0
DA:96,0
BRDA:56,51,0,0
BRDA:56,51,1,0
BRDA:56,83,0,0
BRDA:56,83,1,0
BRDA:63,384,0,0
BRDA:63,384,1,0
BRDA:68,427,0,0
BRDA:68,427,1,0
BRDA:73,688,0,0
BRDA:78,783,0,0
BRDA:78,783,1,0
BRDA:80,840,0,0
BRDA:80,840,1,0
BRDA:80,862,0,0
BRDA:83,913,0,0
BRDA:83,913,1,0
BRDA:80,862,1,0
BRDA:73,688,1,0
FN:31,System.Void Audiora.Controllers.SpotifyController/<Search>d__4::MoveNext()
FNDA:0,System.Void Audiora.Controllers.SpotifyController/<Search>d__4::MoveNext()
DA:32,0
DA:33,0
DA:34,0
DA:35,0
DA:38,0
DA:39,0
DA:40,0
DA:42,0
DA:43,0
DA:44,0
DA:46,0
DA:47,0
DA:49,0
DA:51,0
BRDA:33,28,0,0
BRDA:33,28,1,0
LF:53
LH:0
BRF:20
BRH:0
FNF:3
FNH:0
end_of_record
SF:C:\Users\GustasCikanavicius\c\Audiora\Controllers\UserSongsController.cs
FN:17,System.Void Audiora.Controllers.UserSongsController::.ctor(Audiora.Data.AudioraDbContext)
FNDA:12,System.Void Audiora.Controllers.UserSongsController::.ctor(Audiora.Data.AudioraDbContext)
DA:18,12
DA:19,12
DA:20,12
DA:21,12
FN:118,System.String Audiora.Controllers.UserSongsController/SeenSongRequest::get_UserId()
FNDA:16,System.String Audiora.Controllers.UserSongsController/SeenSongRequest::get_UserId()
DA:119,16
FN:119,System.String Audiora.Controllers.UserSongsController/SeenSongRequest::get_SongId()
FNDA:19,System.String Audiora.Controllers.UserSongsController/SeenSongRequest::get_SongId()
DA:120,19
FN:120,System.Boolean Audiora.Controllers.UserSongsController/SeenSongRequest::get_Liked()
FNDA:10,System.Boolean Audiora.Controllers.UserSongsController/SeenSongRequest::get_Liked()
DA:121,10
FN:121,System.String Audiora.Controllers.UserSongsController/SeenSongRequest::get_Name()
FNDA:4,System.String Audiora.Controllers.UserSongsController/SeenSongRequest::get_Name()
DA:122,4
FN:122,System.String Audiora.Controllers.UserSongsController/SeenSongRequest::get_Artist()
FNDA:4,System.String Audiora.Controllers.UserSongsController/SeenSongRequest::get_Artist()
DA:123,4
FN:123,System.String Audiora.Controllers.UserSongsController/SeenSongRequest::get_AlbumImageUrl()
FNDA:4,System.String Audiora.Controllers.UserSongsController/SeenSongRequest::get_AlbumImageUrl()
DA:124,4
FN:88,System.Void Audiora.Controllers.UserSongsController/<DeleteSeenSongs>d__4::MoveNext()
FNDA:2,System.Void Audiora.Controllers.UserSongsController/<DeleteSeenSongs>d__4::MoveNext()
DA:89,2
DA:90,2
DA:91,1
DA:92,1
DA:95,1
DA:96,1
DA:97,1
DA:99,1
DA:100,2
BRDA:90,40,0,2
BRDA:90,40,1,0
BRDA:90,72,0,1
BRDA:90,72,1,1
FN:103,System.Void Audiora.Controllers.UserSongsController/<GetLikedSongs>d__5::MoveNext()
FNDA:3,System.Void Audiora.Controllers.UserSongsController/<GetLikedSongs>d__5::MoveNext()
DA:104,3
DA:105,3
DA:106,1
DA:107,1
DA:110,2
DA:111,2
DA:112,2
DA:114,2
DA:115,3
BRDA:105,40,0,3
BRDA:105,40,1,0
BRDA:105,72,0,1
BRDA:105,72,1,2
FN:24,System.Void Audiora.Controllers.UserSongsController/<GetSeenSongs>d__2::MoveNext()
FNDA:3,System.Void Audiora.Controllers.UserSongsController/<GetSeenSongs>d__2::MoveNext()
DA:25,3
DA:26,3
DA:27,2
DA:28,2
DA:31,1
DA:32,1
DA:33,1
DA:35,1
DA:36,3
BRDA:26,40,0,2
BRDA:26,40,1,1
BRDA:26,72,0,2
BRDA:26,72,1,1
FN:39,System.Void Audiora.Controllers.UserSongsController/<PostSeenSong>d__3::MoveNext()
FNDA:4,System.Void Audiora.Controllers.UserSongsController/<PostSeenSong>d__3::MoveNext()
DA:40,4
DA:41,4
DA:43,4
DA:44,1
DA:45,1
DA:46,1
DA:49,3
DA:50,1
DA:51,1
DA:52,1
DA:56,2
DA:57,2
DA:58,1
DA:59,1
DA:61,1
DA:62,1
DA:63,1
DA:64,1
DA:65,1
DA:67,1
DA:68,1
DA:69,1
DA:70,1
DA:71,1
DA:72,1
DA:73,1
DA:74,1
DA:75,1
DA:76,1
DA:77,1
DA:78,1
DA:80,2
DA:81,2
DA:82,2
DA:84,2
DA:85,4
BRDA:43,211,0,4
BRDA:43,211,1,0
BRDA:43,253,0,1
BRDA:43,253,1,3
BRDA:49,314,0,1
BRDA:49,314,1,2
BRDA:57,717,0,1
BRDA:57,717,1,1
LF:73
LH:73
BRF:20
BRH:17
FNF:11
FNH:11
end_of_record
SF:C:\Users\GustasCikanavicius\c\Audiora\Controllers\YouTubeController.cs
FN:11,System.Void Audiora.Controllers.YouTubeController::.ctor(Audiora.Services.YouTubeService)
FNDA:8,System.Void Audiora.Controllers.YouTubeController::.ctor(Audiora.Services.YouTubeService)
DA:12,8
DA:13,8
DA:14,8
DA:15,8
FN:18,System.Void Audiora.Controllers.YouTubeController/<Search>d__2::MoveNext()
FNDA:8,System.Void Audiora.Controllers.YouTubeController/<Search>d__2::MoveNext()
DA:19,8
DA:20,11
DA:21,5
DA:22,1
DA:24,1
DA:26,4
DA:27,6
DA:28,2
DA:29,8
BRDA:20,31,0,3
BRDA:20,31,1,5
BRDA:21,76,0,1
BRDA:21,76,1,4
BRDA:27,264,0,2
BRDA:27,264,1,2
LF:13
LH:13
BRF:6
BRH:6
FNF:2
FNH:2
end_of_record